<?xml version="1.0" encoding="UTF-8"?>
<testsuite name="com.morpheusdata.tab.CustomTabProviderSpec" tests="1" skipped="0" failures="0" errors="0" timestamp="2021-03-25T11:30:07" hostname="cuxtud" time="0.619">
  <properties/>
  <testcase name="renderTemplate with instance" classname="com.morpheusdata.tab.CustomTabProviderSpec" time="0.619"/>
  <system-out><![CDATA[]]></system-out>
  <system-err><![CDATA[SLF4J: Failed to load class "org.slf4j.impl.StaticLoggerBinder".
SLF4J: Defaulting to no-operation (NOP) logger implementation
SLF4J: See http://www.slf4j.org/codes.html#StaticLoggerBinder for further details.
]]></system-err>
</testsuite>
